Determining if the pthread_create exist failed with the following output:
Change Dir: /home/cnuavse/catkin_ws/build/CMakeFiles/CMakeTmp

Run Build Command:"/usr/bin/make" "cmTC_54fcf/fast"
/usr/bin/make -f CMakeFiles/cmTC_54fcf.dir/build.make CMakeFiles/cmTC_54fcf.dir/build
make[1]: 디렉터리 '/home/cnuavse/catkin_ws/build/CMakeFiles/CMakeTmp' 들어감
Building C object CMakeFiles/cmTC_54fcf.dir/CheckSymbolExists.c.o
/usr/bin/cc    -o CMakeFiles/cmTC_54fcf.dir/CheckSymbolExists.c.o   -c /home/cnuavse/catkin_ws/build/CMakeFiles/CMakeTmp/CheckSymbolExists.c
Linking C executable cmTC_54fcf
/usr/bin/cmake -E cmake_link_script CMakeFiles/cmTC_54fcf.dir/link.txt --verbose=1
/usr/bin/cc      -rdynamic CMakeFiles/cmTC_54fcf.dir/CheckSymbolExists.c.o  -o cmTC_54fcf 
CMakeFiles/cmTC_54fcf.dir/CheckSymbolExists.c.o: In function `main':
CheckSymbolExists.c:(.text+0x1b): undefined reference to `pthread_create'
collect2: error: ld returned 1 exit status
CMakeFiles/cmTC_54fcf.dir/build.make:97: recipe for target 'cmTC_54fcf' failed
make[1]: *** [cmTC_54fcf] Error 1
make[1]: 디렉터리 '/home/cnuavse/catkin_ws/build/CMakeFiles/CMakeTmp' 나감
Makefile:126: recipe for target 'cmTC_54fcf/fast' failed
make: *** [cmTC_54fcf/fast] Error 2

File /home/cnuavse/catkin_ws/build/CMakeFiles/CMakeTmp/CheckSymbolExists.c:
/* */
#include <pthread.h>

int main(int argc, char** argv)
{
  (void)argv;
#ifndef pthread_create
  return ((int*)(&pthread_create))[argc];
#else
  (void)argc;
  return 0;
#endif
}

Determining if the function pthread_create exists in the pthreads failed with the following output:
Change Dir: /home/cnuavse/catkin_ws/build/CMakeFiles/CMakeTmp

Run Build Command:"/usr/bin/make" "cmTC_4e7d9/fast"
/usr/bin/make -f CMakeFiles/cmTC_4e7d9.dir/build.make CMakeFiles/cmTC_4e7d9.dir/build
make[1]: 디렉터리 '/home/cnuavse/catkin_ws/build/CMakeFiles/CMakeTmp' 들어감
Building C object CMakeFiles/cmTC_4e7d9.dir/CheckFunctionExists.c.o
/usr/bin/cc   -DCHECK_FUNCTION_EXISTS=pthread_create   -o CMakeFiles/cmTC_4e7d9.dir/CheckFunctionExists.c.o   -c /usr/share/cmake-3.10/Modules/CheckFunctionExists.c
Linking C executable cmTC_4e7d9
/usr/bin/cmake -E cmake_link_script CMakeFiles/cmTC_4e7d9.dir/link.txt --verbose=1
/usr/bin/cc  -DCHECK_FUNCTION_EXISTS=pthread_create    -rdynamic CMakeFiles/cmTC_4e7d9.dir/CheckFunctionExists.c.o  -o cmTC_4e7d9 -lpthreads 
/usr/bin/ld: cannot find -lpthreads
collect2: error: ld returned 1 exit status
CMakeFiles/cmTC_4e7d9.dir/build.make:97: recipe for target 'cmTC_4e7d9' failed
make[1]: *** [cmTC_4e7d9] Error 1
make[1]: 디렉터리 '/home/cnuavse/catkin_ws/build/CMakeFiles/CMakeTmp' 나감
Makefile:126: recipe for target 'cmTC_4e7d9/fast' failed
make: *** [cmTC_4e7d9/fast] Error 2


